Removed Pin From Net: NetName=USB_N Pin=P2-2
Removed Pin From Net: NetName=USB_P Pin=P2-3
Removed Pin From Net: NetName=DAC_DGND Pin=P3-2
Added Component: Designator=R31(SMR_0402)
Add component. Clean all parameters for all variants
Added Component: Designator=R32(SMR_0402)
Add component. Clean all parameters for all variants
Added Component: Designator=U11(SOT95P280X145-6N)
Add component. Clean all parameters for all variants
Added Pin To Net: NetName=USB_N Pin=R31-2
Added Pin To Net: NetName=USB_P Pin=R32-2
Added Pin To Net: NetName=DAC_DGND Pin=U11-2
Added Pin To Net: NetName=NetP2_1 Pin=P2-1
Added Pin To Net: NetName=NetP2_1 Pin=U11-5
Added Net: Name=NetP2_1
Added Pin To Net: NetName=NetP2_2 Pin=P2-2
Added Pin To Net: NetName=NetP2_2 Pin=U11-1
Added Net: Name=NetP2_2
Added Pin To Net: NetName=NetP2_3 Pin=P2-3
Added Pin To Net: NetName=NetP2_3 Pin=U11-3
Added Net: Name=NetP2_3
Added Pin To Net: NetName=NetR31_1 Pin=R31-1
Added Pin To Net: NetName=NetR31_1 Pin=U11-6
Added Net: Name=NetR31_1
Added Pin To Net: NetName=NetR32_1 Pin=R32-1
Added Pin To Net: NetName=NetR32_1 Pin=U11-4
Added Net: Name=NetR32_1
Added Member To Class: ClassName=BluePitch Member=Component R31 22R
Added Member To Class: ClassName=BluePitch Member=Component R32 22R
Added Member To Class: ClassName=BluePitch Member=Component U11 USBLC6-2SC6
