Removed Pin From Net: NetName=AMP_-5V Pin=C34-1
Removed Pin From Net: NetName=AMP_-5V Pin=C37-1
Removed Pin From Net: NetName=AMP_-5V Pin=C38-1
Removed Pin From Net: NetName=AMP_-5V Pin=C42-1
Removed Pin From Net: NetName=AMP_-5V Pin=C45-1
Removed Pin From Net: NetName=AMP_-5V Pin=R16-1
Removed Pin From Net: NetName=AMP_-5V Pin=R25-1
Removed Pin From Net: NetName=AMP_-5V Pin=U4-3
Removed Pin From Net: NetName=AMP_-5V Pin=U4-5
Removed Pin From Net: NetName=AMP_-5V Pin=U6-3
Removed Pin From Net: NetName=AMP_-5V Pin=U6-5
Added Component: Designator=C69(SMC_0402)
Add component. Clean all parameters for all variants
Added Component: Designator=C70(SMC_0402)
Add component. Clean all parameters for all variants
Added Component: Designator=C71(SMC_0402)
Add component. Clean all parameters for all variants
Added Pin To Net: NetName=AGND Pin=C34-1
Added Pin To Net: NetName=AGND Pin=C37-1
Added Pin To Net: NetName=AGND Pin=C38-1
Added Pin To Net: NetName=AGND Pin=C42-1
Added Pin To Net: NetName=AGND Pin=C45-1
Added Pin To Net: NetName=AGND Pin=C69-1
Added Pin To Net: NetName=AMP_-5V Pin=C69-2
Added Pin To Net: NetName=AGND Pin=C70-1
Added Pin To Net: NetName=AMP_-5V Pin=C70-2
Added Pin To Net: NetName=AMP_-5V Pin=C71-1
Added Pin To Net: NetName=AGND Pin=C71-2
Added Pin To Net: NetName=AGND Pin=R16-1
Added Pin To Net: NetName=AGND Pin=R25-1
Added Pin To Net: NetName=AGND Pin=U4-3
Added Pin To Net: NetName=AGND Pin=U4-5
Added Pin To Net: NetName=AGND Pin=U6-3
Added Pin To Net: NetName=AGND Pin=U6-5
Added Member To Class: ClassName=U_IV_Converter Member=Component C69 100nF
Added Member To Class: ClassName=U_IV_Converter Member=Component C70 100nF
Added Member To Class: ClassName=U_IV_Converter Member=Component C71 100nF
