Removed Pin From Net: NetName=NetC33_2 Pin=U5-1
Removed Pin From Net: NetName=NetC33_1 Pin=U5-2
Removed Pin From Net: NetName=NetC37_2 Pin=U5-3
Removed Pin From Net: NetName=NetC39_2 Pin=U6-1
Removed Pin From Net: NetName=OUTR_P Pin=U6-2
Removed Pin From Net: NetName=AMP_AGND Pin=U6-3
Removed Pin From Net: NetName=AMP_AGND Pin=U6-4
Removed Pin From Net: NetName=VCC Pin=U6-8
Removed Pin From Net: NetName=NetC41_2 Pin=U7-1
Removed Pin From Net: NetName=NetC41_1 Pin=U7-2
Removed Pin From Net: NetName=NetC45_2 Pin=U7-3
Removed Member From Class: ClassName=U_IV_Converter Member=U7
Change Component Designator: OldDesignator=U5 NewDesignator=U6
Change Component Designator: OldDesignator=U7 NewDesignator=U5
Change Component Designator: OldDesignator=U8 NewDesignator=U7
Change Component Designator: OldDesignator=U9 NewDesignator=U8
Change Component Designator: OldDesignator=U10 NewDesignator=U9
Change Component Designator: OldDesignator=U11 NewDesignator=U10
Added Pin To Net: NetName=NetC33_2 Pin=U5-1
Added Pin To Net: NetName=NetC33_1 Pin=U5-2
Added Pin To Net: NetName=NetC37_2 Pin=U5-3
Added Pin To Net: NetName=NetC45_2 Pin=U5-5
Added Pin To Net: NetName=NetC41_1 Pin=U5-6
Added Pin To Net: NetName=NetC41_2 Pin=U5-7
Added Pin To Net: NetName=NetC39_2 Pin=U6-1
Added Pin To Net: NetName=OUTR_P Pin=U6-2
Added Pin To Net: NetName=AMP_AGND Pin=U6-3
Change Net Name : Old Net Name=VCC New Net Name=OPVCC_5V
Added Pin To Net: NetName=VCC Pin=C2-A
Added Pin To Net: NetName=VCC Pin=C3-A
Added Pin To Net: NetName=VCC Pin=C4-A
Added Pin To Net: NetName=VCC Pin=C50-2
Added Pin To Net: NetName=VCC Pin=C58-2
Added Pin To Net: NetName=VCC Pin=C59-1
Added Pin To Net: NetName=VCC Pin=L1-2
Added Pin To Net: NetName=VCC Pin=M1-D
Added Pin To Net: NetName=VCC Pin=U8-1
Added Pin To Net: NetName=VCC Pin=U10-1
Added Pin To Net: NetName=VCC Pin=U10-6
Added Net: Name=VCC
