Added Component: Designator=U2(SOP65P780X200-28N)
Add component. Clean all parameters for all variants
Added Pin To Net: NetName=DAC_DGND Pin=U2-1
Added Pin To Net: NetName=DAC_DGND Pin=U2-2
Added Pin To Net: NetName=DAC_3V3 Pin=U2-3
Added Pin To Net: NetName=NetU2_4 Pin=U2-4
Added Pin To Net: NetName=NetU2_5 Pin=U2-5
Added Pin To Net: NetName=NetU2_6 Pin=U2-6
Added Pin To Net: NetName=NetU2_7 Pin=U2-7
Added Pin To Net: NetName=DAC_DGND Pin=U2-8
Added Pin To Net: NetName=DAC_3V3 Pin=U2-9
Added Pin To Net: NetName=NetU2_10 Pin=U2-10
Added Pin To Net: NetName=DAC_DGND Pin=U2-11
Added Pin To Net: NetName=DAC_DGND Pin=U2-12
Added Pin To Net: NetName=NetR5_2 Pin=U2-14
Added Pin To Net: NetName=AVCCL_5V Pin=U2-15
Added Pin To Net: NetName=DAC_AGND Pin=U2-16
Added Pin To Net: NetName=OUTR_P Pin=U2-17
Added Pin To Net: NetName=OUTR_N Pin=U2-18
Added Pin To Net: NetName=DAC_AGND Pin=U2-19
Added Pin To Net: NetName=NetR4_1 Pin=U2-20
Added Pin To Net: NetName=NetC13_K Pin=U2-21
Added Pin To Net: NetName=NetC13_K Pin=U2-22
Added Pin To Net: NetName=AVCCL_5V Pin=U2-23
Added Pin To Net: NetName=DAC_DGND Pin=U2-24
Added Pin To Net: NetName=OUTL_P Pin=U2-25
Added Pin To Net: NetName=OUTL_N Pin=U2-26
Added Pin To Net: NetName=DAC_AGND Pin=U2-27
Added Pin To Net: NetName=AVCCL_5V Pin=U2-28
Added Member To Class: ClassName=U_DAC Member=Component U2 PCM1798
Added Room: Name=BluePitch
Added Room: Name=U_Charger
Added Room: Name=U_DAC
Added Room: Name=U_Decoder
Added Room: Name=U_IV_Converter
Added Room: Name=U_Power
