Added Component: Designator=C1(SMC_0805)
Add component. Clean all parameters for all variants
Added Component: Designator=C2(THT_Cap5x11)
Add component. Clean all parameters for all variants
Added Component: Designator=C3(THT_Cap5x11)
Add component. Clean all parameters for all variants
Added Component: Designator=C4(THT_Cap5x11)
Add component. Clean all parameters for all variants
Added Component: Designator=C5(SMC_0402)
Add component. Clean all parameters for all variants
Added Component: Designator=C6(SMC_0402)
Add component. Clean all parameters for all variants
Added Component: Designator=C7(SMC_0402)
Add component. Clean all parameters for all variants
Added Component: Designator=C8(SMC_0805)
Add component. Clean all parameters for all variants
Added Component: Designator=C9(SMC_0805)
Add component. Clean all parameters for all variants
Added Component: Designator=C10(SMC_0805)
Add component. Clean all parameters for all variants
Added Component: Designator=C11(THT_Cap5x11)
Add component. Clean all parameters for all variants
Added Component: Designator=C12(SMC_0402)
Add component. Clean all parameters for all variants
Added Component: Designator=C13(THT_Cap5x11)
Add component. Clean all parameters for all variants
Added Component: Designator=C14(SMC_0402)
Add component. Clean all parameters for all variants
Added Component: Designator=C15(THT_Cap5x11)
Add component. Clean all parameters for all variants
Added Component: Designator=C16(THT_Cap5x11)
Add component. Clean all parameters for all variants
Added Component: Designator=C17(SMC_0402)
Add component. Clean all parameters for all variants
Added Component: Designator=C18(THT_Cap5x11)
Add component. Clean all parameters for all variants
Added Component: Designator=C19(SMC_0402)
Add component. Clean all parameters for all variants
Added Component: Designator=C20(SMC_0402)
Add component. Clean all parameters for all variants
Added Component: Designator=C21(SMC_0402)
Add component. Clean all parameters for all variants
Added Component: Designator=C22(SMC_0402)
Add component. Clean all parameters for all variants
Added Component: Designator=C23(SMC_0402)
Add component. Clean all parameters for all variants
Added Component: Designator=C24(SMC_0402)
Add component. Clean all parameters for all variants
Added Component: Designator=C25(SMC_0402)
Add component. Clean all parameters for all variants
Added Component: Designator=C26(SMC_0402)
Add component. Clean all parameters for all variants
Added Component: Designator=C27(SMC_0402)
Add component. Clean all parameters for all variants
Added Component: Designator=C28(SMC_0402)
Add component. Clean all parameters for all variants
Added Component: Designator=C29(SMC_0402)
Add component. Clean all parameters for all variants
Added Component: Designator=C30(SMC_0402)
Add component. Clean all parameters for all variants
Added Component: Designator=C31(SMC_0402)
Add component. Clean all parameters for all variants
Added Component: Designator=C32(SMC_0805)
Add component. Clean all parameters for all variants
Added Component: Designator=C33(SMC_0805)
Add component. Clean all parameters for all variants
Added Component: Designator=C34(SMC_0402)
Add component. Clean all parameters for all variants
Added Component: Designator=C35(SMC_0805)
Add component. Clean all parameters for all variants
Added Component: Designator=C36(SMC_0805)
Add component. Clean all parameters for all variants
Added Component: Designator=C37(SMC_0805)
Add component. Clean all parameters for all variants
Added Component: Designator=C38(SMC_0402)
Add component. Clean all parameters for all variants
Added Component: Designator=C39(SMC_0805)
Add component. Clean all parameters for all variants
Added Component: Designator=C40(SMC_0402)
Add component. Clean all parameters for all variants
Added Component: Designator=C41(SMC_0805)
Add component. Clean all parameters for all variants
Added Component: Designator=C42(SMC_0402)
Add component. Clean all parameters for all variants
Added Component: Designator=C43(SMC_0805)
Add component. Clean all parameters for all variants
Added Component: Designator=C44(SMC_0805)
Add component. Clean all parameters for all variants
Added Component: Designator=C45(SMC_0805)
Add component. Clean all parameters for all variants
Added Component: Designator=C46(SMC_0402)
Add component. Clean all parameters for all variants
Added Component: Designator=C47(SMC_0402)
Add component. Clean all parameters for all variants
Added Component: Designator=C48(SMC_0805)
Add component. Clean all parameters for all variants
Added Component: Designator=C49(SMC_0805)
Add component. Clean all parameters for all variants
Added Component: Designator=C50(SMC_0805)
Add component. Clean all parameters for all variants
Added Component: Designator=C51(SMC_0805)
Add component. Clean all parameters for all variants
Added Component: Designator=C52(SMC_0402)
Add component. Clean all parameters for all variants
Added Component: Designator=C53(SMC_0805)
Add component. Clean all parameters for all variants
Added Component: Designator=C54(SMC_0805)
Add component. Clean all parameters for all variants
Added Component: Designator=C55(SMC_0402)
Add component. Clean all parameters for all variants
Added Component: Designator=C56(SMC_TantalumB)
Add component. Clean all parameters for all variants
Added Component: Designator=C57(SMC_0805)
Add component. Clean all parameters for all variants
Added Component: Designator=C58(SMC_0805)
Add component. Clean all parameters for all variants
Added Component: Designator=C59(SMC_0805)
Add component. Clean all parameters for all variants
Added Component: Designator=D1(SMLED_0603)
Add component. Clean all parameters for all variants
Added Component: Designator=D2(SMLED_0603)
Add component. Clean all parameters for all variants
Added Component: Designator=L1(SML_4x4)
Add component. Clean all parameters for all variants
Added Component: Designator=M1(SOT95P237X112-3N)
Add component. Clean all parameters for all variants
Added Component: Designator=NT1(NT_10)
Add component. Clean all parameters for all variants
Added Component: Designator=P1(Dupont Female x 4)
Add component. Clean all parameters for all variants
Added Component: Designator=P2(MicroUSB)
Add component. Clean all parameters for all variants
Added Component: Designator=P3(OLED 0.96")
Add component. Clean all parameters for all variants
Added Component: Designator=P4(PJ-327A)
Add component. Clean all parameters for all variants
Added Component: Designator=P5(MicroUSB)
Add component. Clean all parameters for all variants
Added Component: Designator=P6(XHB2.5 x 2)
Add component. Clean all parameters for all variants
Added Component: Designator=R1(SMR_0402)
Add component. Clean all parameters for all variants
Added Component: Designator=R2(SMR_0402)
Add component. Clean all parameters for all variants
Added Component: Designator=R3(SMR_0402)
Add component. Clean all parameters for all variants
Added Component: Designator=R4(SMR_0402)
Add component. Clean all parameters for all variants
Added Component: Designator=R5(SMR_0402)
Add component. Clean all parameters for all variants
Added Component: Designator=R6(SMR_0603)
Add component. Clean all parameters for all variants
Added Component: Designator=R7(SMR_0402)
Add component. Clean all parameters for all variants
Added Component: Designator=R8(SMR_0402)
Add component. Clean all parameters for all variants
Added Component: Designator=R9(SMR_0805)
Add component. Clean all parameters for all variants
Added Component: Designator=R10(SMR_0805)
Add component. Clean all parameters for all variants
Added Component: Designator=R11(SMR_0805)
Add component. Clean all parameters for all variants
Added Component: Designator=R12(SMR_0805)
Add component. Clean all parameters for all variants
Added Component: Designator=R13(SMR_0805)
Add component. Clean all parameters for all variants
Added Component: Designator=R14(SMR_0805)
Add component. Clean all parameters for all variants
Added Component: Designator=R15(SMR_0805)
Add component. Clean all parameters for all variants
Added Component: Designator=R16(SMR_0805)
Add component. Clean all parameters for all variants
Added Component: Designator=R17(SMR_0805)
Add component. Clean all parameters for all variants
Added Component: Designator=R18(SMR_0805)
Add component. Clean all parameters for all variants
Added Component: Designator=R19(SMR_0805)
Add component. Clean all parameters for all variants
Added Component: Designator=R20(SMR_0805)
Add component. Clean all parameters for all variants
Added Component: Designator=R21(SMR_0805)
Add component. Clean all parameters for all variants
Added Component: Designator=R22(SMR_0805)
Add component. Clean all parameters for all variants
Added Component: Designator=R23(SMR_0805)
Add component. Clean all parameters for all variants
Added Component: Designator=R24(SMR_0805)
Add component. Clean all parameters for all variants
Added Component: Designator=R25(SMR_0805)
Add component. Clean all parameters for all variants
Added Component: Designator=R26(SMR_0805)
Add component. Clean all parameters for all variants
Added Component: Designator=R27(SMR_0402)
Add component. Clean all parameters for all variants
Added Component: Designator=R28(SMR_0402)
Add component. Clean all parameters for all variants
Added Component: Designator=R29(SMR_0402)
Add component. Clean all parameters for all variants
Added Component: Designator=R30(SMR_0402)
Add component. Clean all parameters for all variants
Added Component: Designator=SW1(Switch)
Add component. Clean all parameters for all variants
Added Component: Designator=SW2(Button)
Add component. Clean all parameters for all variants
Added Component: Designator=SW3(Button)
Add component. Clean all parameters for all variants
Added Component: Designator=SW4(Button)
Add component. Clean all parameters for all variants
Added Component: Designator=SW5(Button)
Add component. Clean all parameters for all variants
Added Component: Designator=U1(SOIC127P600X175_HS-9N)
Add component. Clean all parameters for all variants
Added Component: Designator=U3(TSQFP50P1200X1200X160-64N)
Add component. Clean all parameters for all variants
Added Component: Designator=U4(SOIC127P600X175-8N)
Add component. Clean all parameters for all variants
Added Component: Designator=U5(SOIC127P600X175-8N)
Add component. Clean all parameters for all variants
Added Component: Designator=U6(SOIC127P600X175-8N)
Add component. Clean all parameters for all variants
Added Component: Designator=U7(SOIC127P600X175-8N)
Add component. Clean all parameters for all variants
Added Component: Designator=U8(TSSOP50P490X110_HS-11N)
Add component. Clean all parameters for all variants
Added Component: Designator=U9(SOT95P280X110-5N - duplicate1)
Add component. Clean all parameters for all variants
Added Component: Designator=U10(TSSOP50P490X110_HS-11N)
Add component. Clean all parameters for all variants
Added Component: Designator=U11(PSON50P300X100_HS-11N)
Add component. Clean all parameters for all variants
Added Component: Designator=Y1(SMD_3225)
Add component. Clean all parameters for all variants
Added Pin To Net: NetName=AMP_AGND Pin=C34-1
Added Pin To Net: NetName=AMP_AGND Pin=C40-1
Added Pin To Net: NetName=AMP_AGND Pin=C42-1
Added Pin To Net: NetName=AMP_AGND Pin=C47-1
Added Pin To Net: NetName=AMP_AGND Pin=U4-3
Added Pin To Net: NetName=AMP_AGND Pin=U4-4
Added Pin To Net: NetName=AMP_AGND Pin=U4-5
Added Pin To Net: NetName=AMP_AGND Pin=U5-4
Added Pin To Net: NetName=AMP_AGND Pin=U5-5
Added Pin To Net: NetName=AMP_AGND Pin=U6-3
Added Pin To Net: NetName=AMP_AGND Pin=U6-4
Added Pin To Net: NetName=AMP_AGND Pin=U7-4
Added Net: Name=AMP_AGND
Added Pin To Net: NetName=AVCC_5V5 Pin=C48-2
Added Pin To Net: NetName=AVCC_5V5 Pin=C53-2
Added Pin To Net: NetName=AVCC_5V5 Pin=C56-A
Added Pin To Net: NetName=AVCC_5V5 Pin=C57-2
Added Pin To Net: NetName=AVCC_5V5 Pin=R29-2
Added Pin To Net: NetName=AVCC_5V5 Pin=U8-1
Added Pin To Net: NetName=AVCC_5V5 Pin=U8-2
Added Pin To Net: NetName=AVCC_5V5 Pin=U8-3
Added Pin To Net: NetName=AVCC_5V5 Pin=U10-1
Added Pin To Net: NetName=AVCC_5V5 Pin=U10-2
Added Pin To Net: NetName=AVCC_5V5 Pin=U10-3
Added Pin To Net: NetName=AVCC_5V5 Pin=U11-2
Added Net: Name=AVCC_5V5
Added Pin To Net: NetName=AVCC_5V Pin=U8-6
Added Pin To Net: NetName=AVCC_5V Pin=U10-6
Added Net: Name=AVCC_5V
Added Pin To Net: NetName=AVCCL_5V Pin=C11-A
Added Pin To Net: NetName=AVCCL_5V Pin=C12-2
Added Pin To Net: NetName=AVCCL_5V Pin=C13-A
Added Pin To Net: NetName=AVCCL_5V Pin=C16-A
Added Pin To Net: NetName=AVCCL_5V Pin=C17-2
Added Pin To Net: NetName=AVCCL_5V Pin=C18-A
Added Pin To Net: NetName=AVCCL_5V Pin=C49-2
Added Pin To Net: NetName=AVCCL_5V Pin=U8-9
Added Pin To Net: NetName=AVCCL_5V Pin=U8-10
Added Net: Name=AVCCL_5V
Added Pin To Net: NetName=AVCCR_5V Pin=C37-1
Added Pin To Net: NetName=AVCCR_5V Pin=C38-1
Added Pin To Net: NetName=AVCCR_5V Pin=C45-1
Added Pin To Net: NetName=AVCCR_5V Pin=C46-1
Added Pin To Net: NetName=AVCCR_5V Pin=C54-2
Added Pin To Net: NetName=AVCCR_5V Pin=R16-1
Added Pin To Net: NetName=AVCCR_5V Pin=R25-1
Added Pin To Net: NetName=AVCCR_5V Pin=U10-9
Added Pin To Net: NetName=AVCCR_5V Pin=U10-10
Added Net: Name=AVCCR_5V
Added Pin To Net: NetName=BAT Pin=C10-2
Added Pin To Net: NetName=BAT Pin=M1-S
Added Pin To Net: NetName=BAT Pin=P6-1
Added Pin To Net: NetName=BAT Pin=SW1-2
Added Pin To Net: NetName=BAT Pin=U1-5
Added Net: Name=BAT
Added Pin To Net: NetName=DAC_3V3 Pin=C14-1
Added Pin To Net: NetName=DAC_3V3 Pin=C15-A
Added Pin To Net: NetName=DAC_3V3 Pin=C19-2
Added Pin To Net: NetName=DAC_3V3 Pin=C20-2
Added Pin To Net: NetName=DAC_3V3 Pin=C27-2
Added Pin To Net: NetName=DAC_3V3 Pin=C28-2
Added Pin To Net: NetName=DAC_3V3 Pin=C30-1
Added Pin To Net: NetName=DAC_3V3 Pin=C31-1
Added Pin To Net: NetName=DAC_3V3 Pin=C51-2
Added Pin To Net: NetName=DAC_3V3 Pin=P1-1
Added Pin To Net: NetName=DAC_3V3 Pin=P3-1
Added Pin To Net: NetName=DAC_3V3 Pin=R5-1
Added Pin To Net: NetName=DAC_3V3 Pin=R6-2
Added Pin To Net: NetName=DAC_3V3 Pin=U3-32
Added Pin To Net: NetName=DAC_3V3 Pin=U3-48
Added Pin To Net: NetName=DAC_3V3 Pin=U3-64
Added Pin To Net: NetName=DAC_3V3 Pin=U9-3
Added Pin To Net: NetName=DAC_3V3 Pin=U9-4
Added Net: Name=DAC_3V3
Added Pin To Net: NetName=DAC_AGND Pin=C11-K
Added Pin To Net: NetName=DAC_AGND Pin=C12-1
Added Pin To Net: NetName=DAC_AGND Pin=C16-K
Added Pin To Net: NetName=DAC_AGND Pin=C17-1
Added Pin To Net: NetName=DAC_AGND Pin=C18-K
Added Pin To Net: NetName=DAC_AGND Pin=R4-2
Added Net: Name=DAC_AGND
Added Pin To Net: NetName=DAC_DGND Pin=C1-1
Added Pin To Net: NetName=DAC_DGND Pin=C2-K
Added Pin To Net: NetName=DAC_DGND Pin=C3-K
Added Pin To Net: NetName=DAC_DGND Pin=C4-K
Added Pin To Net: NetName=DAC_DGND Pin=C5-2
Added Pin To Net: NetName=DAC_DGND Pin=C6-2
Added Pin To Net: NetName=DAC_DGND Pin=C7-2
Added Pin To Net: NetName=DAC_DGND Pin=C8-1
Added Pin To Net: NetName=DAC_DGND Pin=C9-1
Added Pin To Net: NetName=DAC_DGND Pin=C10-1
Added Pin To Net: NetName=DAC_DGND Pin=C14-2
Added Pin To Net: NetName=DAC_DGND Pin=C15-K
Added Pin To Net: NetName=DAC_DGND Pin=C19-1
Added Pin To Net: NetName=DAC_DGND Pin=C20-1
Added Pin To Net: NetName=DAC_DGND Pin=C21-2
Added Pin To Net: NetName=DAC_DGND Pin=C22-1
Added Pin To Net: NetName=DAC_DGND Pin=C23-2
Added Pin To Net: NetName=DAC_DGND Pin=C24-2
Added Pin To Net: NetName=DAC_DGND Pin=C25-2
Added Pin To Net: NetName=DAC_DGND Pin=C26-2
Added Pin To Net: NetName=DAC_DGND Pin=C27-1
Added Pin To Net: NetName=DAC_DGND Pin=C28-1
Added Pin To Net: NetName=DAC_DGND Pin=C29-1
Added Pin To Net: NetName=DAC_DGND Pin=C30-2
Added Pin To Net: NetName=DAC_DGND Pin=C31-2
Added Pin To Net: NetName=DAC_DGND Pin=C50-1
Added Pin To Net: NetName=DAC_DGND Pin=C51-1
Added Pin To Net: NetName=DAC_DGND Pin=C56-K
Added Pin To Net: NetName=DAC_DGND Pin=C57-1
Added Pin To Net: NetName=DAC_DGND Pin=C58-1
Added Pin To Net: NetName=DAC_DGND Pin=C59-2
Added Pin To Net: NetName=DAC_DGND Pin=NT1-1
Added Pin To Net: NetName=DAC_DGND Pin=P1-4
Added Pin To Net: NetName=DAC_DGND Pin=P2-5
Added Pin To Net: NetName=DAC_DGND Pin=P3-2
Added Pin To Net: NetName=DAC_DGND Pin=P5-5
Added Pin To Net: NetName=DAC_DGND Pin=P6-2
Added Pin To Net: NetName=DAC_DGND Pin=R1-1
Added Pin To Net: NetName=DAC_DGND Pin=R7-2
Added Pin To Net: NetName=DAC_DGND Pin=R8-2
Added Pin To Net: NetName=DAC_DGND Pin=R30-1
Added Pin To Net: NetName=DAC_DGND Pin=SW1-3
Added Pin To Net: NetName=DAC_DGND Pin=SW2-2
Added Pin To Net: NetName=DAC_DGND Pin=SW3-2
Added Pin To Net: NetName=DAC_DGND Pin=SW4-2
Added Pin To Net: NetName=DAC_DGND Pin=SW5-1
Added Pin To Net: NetName=DAC_DGND Pin=U1-1
Added Pin To Net: NetName=DAC_DGND Pin=U1-3
Added Pin To Net: NetName=DAC_DGND Pin=U1-3
Added Pin To Net: NetName=DAC_DGND Pin=U1-3
Added Pin To Net: NetName=DAC_DGND Pin=U1-3
Added Pin To Net: NetName=DAC_DGND Pin=U1-3
Added Pin To Net: NetName=DAC_DGND Pin=U1-3
Added Pin To Net: NetName=DAC_DGND Pin=U1-3
Added Pin To Net: NetName=DAC_DGND Pin=U1-3
Added Pin To Net: NetName=DAC_DGND Pin=U3-12
Added Pin To Net: NetName=DAC_DGND Pin=U3-31
Added Pin To Net: NetName=DAC_DGND Pin=U3-47
Added Pin To Net: NetName=DAC_DGND Pin=U3-63
Added Pin To Net: NetName=DAC_DGND Pin=U9-2
Added Pin To Net: NetName=DAC_DGND Pin=U11-7
Added Pin To Net: NetName=DAC_DGND Pin=U11-8
Added Pin To Net: NetName=DAC_DGND Pin=U11-10
Added Pin To Net: NetName=DAC_DGND Pin=Y1-2
Added Net: Name=DAC_DGND
Added Pin To Net: NetName=NetC1_2 Pin=C1-2
Added Pin To Net: NetName=NetC1_2 Pin=M1-G
Added Pin To Net: NetName=NetC1_2 Pin=SW1-1
Added Net: Name=NetC1_2
Added Pin To Net: NetName=NetC5_1 Pin=C5-1
Added Pin To Net: NetName=NetC5_1 Pin=SW2-1
Added Pin To Net: NetName=NetC5_1 Pin=U3-55
Added Net: Name=NetC5_1
Added Pin To Net: NetName=NetC6_1 Pin=C6-1
Added Pin To Net: NetName=NetC6_1 Pin=SW3-1
Added Pin To Net: NetName=NetC6_1 Pin=U3-54
Added Net: Name=NetC6_1
Added Pin To Net: NetName=NetC7_1 Pin=C7-1
Added Pin To Net: NetName=NetC7_1 Pin=SW4-1
Added Pin To Net: NetName=NetC7_1 Pin=U3-53
Added Net: Name=NetC7_1
Added Pin To Net: NetName=NetC13_K Pin=C13-K
Added Net: Name=NetC13_K
Added Pin To Net: NetName=NetC21_1 Pin=C21-1
Added Pin To Net: NetName=NetC21_1 Pin=R6-1
Added Pin To Net: NetName=NetC21_1 Pin=Y1-4
Added Net: Name=NetC21_1
Added Pin To Net: NetName=NetC22_2 Pin=C22-2
Added Pin To Net: NetName=NetC22_2 Pin=R8-1
Added Pin To Net: NetName=NetC22_2 Pin=SW5-2
Added Pin To Net: NetName=NetC22_2 Pin=U3-7
Added Net: Name=NetC22_2
Added Pin To Net: NetName=NetC23_1 Pin=C23-1
Added Pin To Net: NetName=NetC23_1 Pin=C24-1
Added Pin To Net: NetName=NetC23_1 Pin=C25-1
Added Pin To Net: NetName=NetC23_1 Pin=C26-1
Added Pin To Net: NetName=NetC23_1 Pin=U3-13
Added Net: Name=NetC23_1
Added Pin To Net: NetName=NetC29_2 Pin=C29-2
Added Pin To Net: NetName=NetC29_2 Pin=U3-30
Added Net: Name=NetC29_2
Added Pin To Net: NetName=NetC32_1 Pin=C32-1
Added Pin To Net: NetName=NetC32_1 Pin=R9-1
Added Pin To Net: NetName=NetC32_1 Pin=U4-2
Added Net: Name=NetC32_1
Added Pin To Net: NetName=NetC32_2 Pin=C32-2
Added Pin To Net: NetName=NetC32_2 Pin=R9-2
Added Pin To Net: NetName=NetC32_2 Pin=R11-1
Added Pin To Net: NetName=NetC32_2 Pin=U4-1
Added Net: Name=NetC32_2
Added Pin To Net: NetName=NetC33_1 Pin=C33-1
Added Pin To Net: NetName=NetC33_1 Pin=R12-1
Added Pin To Net: NetName=NetC33_1 Pin=U5-2
Added Net: Name=NetC33_1
Added Pin To Net: NetName=NetC33_2 Pin=C33-2
Added Pin To Net: NetName=NetC33_2 Pin=R10-2
Added Pin To Net: NetName=NetC33_2 Pin=R13-1
Added Pin To Net: NetName=NetC33_2 Pin=U5-1
Added Net: Name=NetC33_2
Added Pin To Net: NetName=NetC35_1 Pin=C35-1
Added Pin To Net: NetName=NetC35_1 Pin=R14-2
Added Pin To Net: NetName=NetC35_1 Pin=R15-2
Added Pin To Net: NetName=NetC35_1 Pin=R16-2
Added Net: Name=NetC35_1
Added Pin To Net: NetName=NetC35_2 Pin=C35-2
Added Pin To Net: NetName=NetC35_2 Pin=R10-1
Added Pin To Net: NetName=NetC35_2 Pin=R11-2
Added Pin To Net: NetName=NetC35_2 Pin=R12-2
Added Net: Name=NetC35_2
Added Pin To Net: NetName=NetC36_1 Pin=C36-1
Added Pin To Net: NetName=NetC36_1 Pin=R17-1
Added Pin To Net: NetName=NetC36_1 Pin=U4-6
Added Net: Name=NetC36_1
Added Pin To Net: NetName=NetC36_2 Pin=C36-2
Added Pin To Net: NetName=NetC36_2 Pin=R14-1
Added Pin To Net: NetName=NetC36_2 Pin=R17-2
Added Pin To Net: NetName=NetC36_2 Pin=U4-7
Added Net: Name=NetC36_2
Added Pin To Net: NetName=NetC37_2 Pin=C37-2
Added Pin To Net: NetName=NetC37_2 Pin=R15-1
Added Pin To Net: NetName=NetC37_2 Pin=U5-3
Added Net: Name=NetC37_2
Added Pin To Net: NetName=NetC39_1 Pin=C39-1
Added Pin To Net: NetName=NetC39_1 Pin=R18-1
Added Pin To Net: NetName=NetC39_1 Pin=U6-2
Added Net: Name=NetC39_1
Added Pin To Net: NetName=NetC39_2 Pin=C39-2
Added Pin To Net: NetName=NetC39_2 Pin=R18-2
Added Pin To Net: NetName=NetC39_2 Pin=R20-1
Added Pin To Net: NetName=NetC39_2 Pin=U6-1
Added Net: Name=NetC39_2
Added Pin To Net: NetName=NetC41_1 Pin=C41-1
Added Pin To Net: NetName=NetC41_1 Pin=R21-1
Added Pin To Net: NetName=NetC41_1 Pin=U7-2
Added Net: Name=NetC41_1
Added Pin To Net: NetName=NetC41_2 Pin=C41-2
Added Pin To Net: NetName=NetC41_2 Pin=R19-2
Added Pin To Net: NetName=NetC41_2 Pin=R22-1
Added Pin To Net: NetName=NetC41_2 Pin=U7-1
Added Net: Name=NetC41_2
Added Pin To Net: NetName=NetC43_1 Pin=C43-1
Added Pin To Net: NetName=NetC43_1 Pin=R23-2
Added Pin To Net: NetName=NetC43_1 Pin=R24-2
Added Pin To Net: NetName=NetC43_1 Pin=R25-2
Added Net: Name=NetC43_1
Added Pin To Net: NetName=NetC43_2 Pin=C43-2
Added Pin To Net: NetName=NetC43_2 Pin=R19-1
Added Pin To Net: NetName=NetC43_2 Pin=R20-2
Added Pin To Net: NetName=NetC43_2 Pin=R21-2
Added Net: Name=NetC43_2
Added Pin To Net: NetName=NetC44_1 Pin=C44-1
Added Pin To Net: NetName=NetC44_1 Pin=R26-1
Added Pin To Net: NetName=NetC44_1 Pin=U5-6
Added Net: Name=NetC44_1
Added Pin To Net: NetName=NetC44_2 Pin=C44-2
Added Pin To Net: NetName=NetC44_2 Pin=R23-1
Added Pin To Net: NetName=NetC44_2 Pin=R26-2
Added Pin To Net: NetName=NetC44_2 Pin=U5-7
Added Net: Name=NetC44_2
Added Pin To Net: NetName=NetC45_2 Pin=C45-2
Added Pin To Net: NetName=NetC45_2 Pin=R24-1
Added Pin To Net: NetName=NetC45_2 Pin=U7-3
Added Net: Name=NetC45_2
Added Pin To Net: NetName=NetC52_2 Pin=C52-2
Added Pin To Net: NetName=NetC52_2 Pin=R27-1
Added Pin To Net: NetName=NetC52_2 Pin=U8-7
Added Net: Name=NetC52_2
Added Pin To Net: NetName=NetC55_2 Pin=C55-2
Added Pin To Net: NetName=NetC55_2 Pin=R28-1
Added Pin To Net: NetName=NetC55_2 Pin=U10-7
Added Net: Name=NetC55_2
Added Pin To Net: NetName=NetD1_K Pin=D1-K
Added Pin To Net: NetName=NetD1_K Pin=R2-2
Added Net: Name=NetD1_K
Added Pin To Net: NetName=NetD2_K Pin=D2-K
Added Pin To Net: NetName=NetD2_K Pin=R3-2
Added Net: Name=NetD2_K
Added Pin To Net: NetName=NetL1_1 Pin=L1-1
Added Pin To Net: NetName=NetL1_1 Pin=U11-9
Added Net: Name=NetL1_1
Added Pin To Net: NetName=NetNT1_2 Pin=NT1-2
Added Pin To Net: NetName=NetNT1_2 Pin=U11-5
Added Net: Name=NetNT1_2
Added Pin To Net: NetName=NetP1_2 Pin=P1-2
Added Pin To Net: NetName=NetP1_2 Pin=U3-46
Added Net: Name=NetP1_2
Added Pin To Net: NetName=NetP1_3 Pin=P1-3
Added Pin To Net: NetName=NetP1_3 Pin=U3-49
Added Net: Name=NetP1_3
Added Pin To Net: NetName=NetP2_2 Pin=P2-2
Added Pin To Net: NetName=NetP2_2 Pin=U3-44
Added Net: Name=NetP2_2
Added Pin To Net: NetName=NetP2_3 Pin=P2-3
Added Pin To Net: NetName=NetP2_3 Pin=U3-45
Added Net: Name=NetP2_3
Added Pin To Net: NetName=NetP3_3 Pin=P3-3
Added Pin To Net: NetName=NetP3_3 Pin=U3-58
Added Net: Name=NetP3_3
Added Pin To Net: NetName=NetP3_4 Pin=P3-4
Added Pin To Net: NetName=NetP3_4 Pin=U3-59
Added Net: Name=NetP3_4
Added Pin To Net: NetName=NetP4_2 Pin=P4-2
Added Pin To Net: NetName=NetP4_2 Pin=R13-2
Added Net: Name=NetP4_2
Added Pin To Net: NetName=NetP4_5 Pin=P4-5
Added Pin To Net: NetName=NetP4_5 Pin=R22-2
Added Net: Name=NetP4_5
Added Pin To Net: NetName=NetR1_2 Pin=R1-2
Added Pin To Net: NetName=NetR1_2 Pin=U1-2
Added Net: Name=NetR1_2
Added Pin To Net: NetName=NetR2_1 Pin=R2-1
Added Pin To Net: NetName=NetR2_1 Pin=U1-7
Added Net: Name=NetR2_1
Added Pin To Net: NetName=NetR3_1 Pin=R3-1
Added Pin To Net: NetName=NetR3_1 Pin=U1-6
Added Net: Name=NetR3_1
Added Pin To Net: NetName=NetR4_1 Pin=R4-1
Added Net: Name=NetR4_1
Added Pin To Net: NetName=NetR5_2 Pin=R5-2
Added Pin To Net: NetName=NetR5_2 Pin=U3-61
Added Net: Name=NetR5_2
Added Pin To Net: NetName=NetR7_1 Pin=R7-1
Added Pin To Net: NetName=NetR7_1 Pin=U3-60
Added Net: Name=NetR7_1
Added Pin To Net: NetName=NetR29_1 Pin=R29-1
Added Pin To Net: NetName=NetR29_1 Pin=R30-2
Added Pin To Net: NetName=NetR29_1 Pin=U11-3
Added Net: Name=NetR29_1
Added Pin To Net: NetName=NetU2_4 Pin=U3-33
Added Net: Name=NetU2_4
Added Pin To Net: NetName=NetU2_5 Pin=U3-11
Added Net: Name=NetU2_5
Added Pin To Net: NetName=NetU2_6 Pin=U3-34
Added Net: Name=NetU2_6
Added Pin To Net: NetName=NetU2_7 Pin=U3-37
Added Net: Name=NetU2_7
Added Pin To Net: NetName=NetU2_10 Pin=U3-62
Added Net: Name=NetU2_10
Added Pin To Net: NetName=NetU3_5 Pin=U3-5
Added Pin To Net: NetName=NetU3_5 Pin=Y1-3
Added Net: Name=NetU3_5
Added Pin To Net: NetName=PAGND Pin=C48-1
Added Pin To Net: NetName=PAGND Pin=C49-1
Added Pin To Net: NetName=PAGND Pin=C52-1
Added Pin To Net: NetName=PAGND Pin=C53-1
Added Pin To Net: NetName=PAGND Pin=C54-1
Added Pin To Net: NetName=PAGND Pin=C55-1
Added Pin To Net: NetName=PAGND Pin=R27-2
Added Pin To Net: NetName=PAGND Pin=R28-2
Added Pin To Net: NetName=PAGND Pin=U8-5
Added Pin To Net: NetName=PAGND Pin=U8-8
Added Pin To Net: NetName=PAGND Pin=U8-8
Added Pin To Net: NetName=PAGND Pin=U10-5
Added Pin To Net: NetName=PAGND Pin=U10-8
Added Pin To Net: NetName=PAGND Pin=U10-8
Added Net: Name=PAGND
Added Pin To Net: NetName=VCC Pin=C34-2
Added Pin To Net: NetName=VCC Pin=C38-2
Added Pin To Net: NetName=VCC Pin=C40-2
Added Pin To Net: NetName=VCC Pin=C42-2
Added Pin To Net: NetName=VCC Pin=C46-2
Added Pin To Net: NetName=VCC Pin=C47-2
Added Pin To Net: NetName=VCC Pin=P4-4
Added Pin To Net: NetName=VCC Pin=U4-8
Added Pin To Net: NetName=VCC Pin=U5-8
Added Pin To Net: NetName=VCC Pin=U6-8
Added Pin To Net: NetName=VCC Pin=U7-8
Added Net: Name=VCC
Added Class: Name=BluePitch
Added Class: Name=U_Charger
Added Class: Name=U_DAC
Added Class: Name=U_Decoder
Added Class: Name=U_IV_Converter
Added Class: Name=U_Power
